<?xml version="1.0" encoding="UTF-8"?>
<testsuite xmlns:xsi="http://www.w3.org/2001/XMLSchema-instance" xsi:noNamespaceSchemaLocation="https://maven.apache.org/surefire/maven-surefire-plugin/xsd/surefire-test-report-3.0.xsd" version="3.0" name="com.lab5map.CirculoTest" time="0.029" tests="6" errors="0" skipped="0" failures="0">
  <properties>
[...]
</properties>
  <testcase name="deveRetornarNomeCorreto" classname="com.lab5map.CirculoTest" time="0.013"/>
  <testcase name="deveCalcularPerimetroCorretamente" classname="com.lab5map.CirculoTest" time="0.001"/>
  <testcase name="deveLancarErroQuandoRaioForNegativo" classname="com.lab5map.CirculoTest" time="0.001"/>
  <testcase name="deveCalcularAreaCorretamente" classname="com.lab5map.CirculoTest" time="0.0"/>
  <testcase name="deveLancarErroQuandoRaioForZero" classname="com.lab5map.CirculoTest" time="0.0"/>
  <testcase name="deveCriarCirculoComRaioValido" classname="com.lab5map.CirculoTest" time="0.001"/>
</testsuite>